Arguments: 
  /usr/bin/node /usr/share/yarn/bin/yarn.js

PATH: 
  /home/ajeelomen-1/bin:/home/ajeelomen-1/.local/bin:/home/ajeelomen-1/bin:/home/ajeelomen-1/.local/bin:/usr/local/sbin:/usr/local/bin:/usr/sbin:/usr/bin:/sbin:/bin:/usr/games:/usr/local/games:/etc/profile.d:/snap/bin

Yarn version: 
  1.9.4

Node version: 
  10.9.0

Platform: 
  linux x64

Trace: 
  Error: EACCES: permission denied, mkdir '/home/ajeelomen-1/sites/hbase/node_modules/@babel/highlight/node_modules/ansi-styles'

npm manifest: 
  {
    "name": "hbase",
    "version": "0.0.1",
    "dependencies": {
      "react": "^16.4.2",
      "react-dom": "^16.4.2",
      "react-bootstrap": "^0.32.3",
      "babel-install": "^2.1.0",
      "babel-register": "^6.26.0",
      "react-leaflet": "^2.0.1",
      "webpack": "3.12.0",
      "webpack-cli": "^3.1.0",
      "extract-text-webpack-plugin": "^4.0.0-beta.0"
    },
    "devDependencies": {
      "@babel/cli": "^7.0.0-beta.40",
      "@babel/core": "^7.0.0",
      "@babel/plugin-proposal-class-properties": "^7.0.0",
      "@babel/plugin-transform-react-jsx": "^7.0.0",
      "@babel/preset-env": "^7.0.0",
      "@babel/preset-react": "^7.0.0",
      "@symfony/webpack-encore": "^0.20.1",
      "babel-loader": "^8.0.0",
      "babel-plugin-lodash": "^3.3.2",
      "babel-plugin-react-transform": "^3.0.0",
      "babel-preset-es2015": "^6.24.1",
      "babel-preset-es2017": "^6.24.1",
      "babel-preset-react": "^6.24.1",
      "babel-register": "^6.26.0",
      "gulp-babel": "^8.0.0",
      "webpack": "3.12.0",
      "webpack-cli": "^3.1.0",
      "extract-text-webpack-plugin": "^4.0.0-beta.0"
    },
    "scripts": {
      "build": "webpack --mode development"
    }
  }

yarn manifest: 
  No manifest

Lockfile: 
  No lockfile
